<?xml version="1.0" encoding="UTF-8"?>
<!-- Generated by org.testng.reporters.JUnitXMLReporter -->
<testsuite ignored="0" hostname="RajeshKibb" failures="0" tests="6" name="Default test" time="5.073" errors="0" timestamp="2024-08-20T15:10:48 IST">
  <testcase classname="restapi.Restapi" name="cooki" time="1.358"/>
  <testcase classname="restapi.Restapi" name="create" time="1.225"/>
  <testcase classname="restapi.Restapi" name="http" time="0.123"/>
  <testcase classname="restapi.Restapi" name="orgJson" time="0.44"/>
  <testcase classname="restapi.Restapi" name="vialumia" time="1.429"/>
  <testcase classname="restapi.Restapi" name="Pojo" time="0.459"/>
</testsuite> <!-- Default test -->
