<?xml version="1.0" encoding="UTF-8"?>
<testng-results ignored="0" total="6" passed="6" failed="0" skipped="0">
  <reporter-output>
  </reporter-output>
  <suite started-at="2024-08-20T15:10:43 IST" name="Default suite" finished-at="2024-08-20T15:10:48 IST" duration-ms="5073">
    <groups>
    </groups>
    <test started-at="2024-08-20T15:10:43 IST" name="Default test" finished-at="2024-08-20T15:10:48 IST" duration-ms="5073">
      <class name="restapi.Restapi">
        <test-method signature="cooki()[pri:0, instance:restapi.Restapi@32eff876]" started-at="2024-08-20T15:10:43 IST" name="cooki" finished-at="2024-08-20T15:10:44 IST" duration-ms="1358" status="PASS">
          <reporter-output>
          </reporter-output>
        </test-method> <!-- cooki -->
        <test-method signature="create()[pri:0, instance:restapi.Restapi@32eff876]" started-at="2024-08-20T15:10:44 IST" name="create" finished-at="2024-08-20T15:10:45 IST" duration-ms="1225" status="PASS">
          <reporter-output>
          </reporter-output>
        </test-method> <!-- create -->
        <test-method signature="http()[pri:0, instance:restapi.Restapi@32eff876]" started-at="2024-08-20T15:10:45 IST" name="http" finished-at="2024-08-20T15:10:46 IST" duration-ms="123" status="PASS">
          <reporter-output>
          </reporter-output>
        </test-method> <!-- http -->
        <test-method signature="orgJson()[pri:0, instance:restapi.Restapi@32eff876]" started-at="2024-08-20T15:10:46 IST" name="orgJson" finished-at="2024-08-20T15:10:46 IST" duration-ms="440" status="PASS">
          <reporter-output>
          </reporter-output>
        </test-method> <!-- orgJson -->
        <test-method signature="vialumia()[pri:1, instance:restapi.Restapi@32eff876]" started-at="2024-08-20T15:10:46 IST" name="vialumia" finished-at="2024-08-20T15:10:47 IST" duration-ms="1429" status="PASS">
          <reporter-output>
          </reporter-output>
        </test-method> <!-- vialumia -->
        <test-method signature="Pojo()[pri:4, instance:restapi.Restapi@32eff876]" started-at="2024-08-20T15:10:47 IST" name="Pojo" finished-at="2024-08-20T15:10:48 IST" duration-ms="459" status="PASS">
          <reporter-output>
          </reporter-output>
        </test-method> <!-- Pojo -->
      </class> <!-- restapi.Restapi -->
    </test> <!-- Default test -->
  </suite> <!-- Default suite -->
</testng-results>
